# JRE version: Java(TM) SE Runtime Environment (8.0_231-b11) (build 1.8.0_231-b11)
# Java VM: Java HotSpot(TM) 64-Bit Server VM (25.231-b11 mixed mode windows-amd64 compressed oops)
Heap:
 PSYoungGen      total 176128K, used 125032K [0x00000000e0000000, 0x00000000ebe80000, 0x0000000100000000)
  eden space 160256K, 78% used [0x00000000e0000000,0x00000000e7a1a238,0x00000000e9c80000)
  from space 15872K, 0% used [0x00000000eab80000,0x00000000eab80000,0x00000000ebb00000)
  to   space 15360K, 0% used [0x00000000e9c80000,0x00000000e9c80000,0x00000000eab80000)
 ParOldGen       total 113664K, used 32119K [0x00000000a0000000, 0x00000000a6f00000, 0x00000000e0000000)
  object space 113664K, 28% used [0x00000000a0000000,0x00000000a1f5df40,0x00000000a6f00000)
 Metaspace       used 63212K, capacity 65056K, committed 65280K, reserved 1105920K
  class space    used 8506K, capacity 8944K, committed 8960K, reserved 1048576K
GC Heap History (10 events):
Event: 25.194 GC heap before
{Heap before GC invocations=13 (full 2):
 PSYoungGen      total 87552K, used 741K [0x00000000e0000000, 0x00000000e8980000, 0x0000000100000000)
  eden space 77312K, 0% used [0x00000000e0000000,0x00000000e0000000,0x00000000e4b80000)
  from space 10240K, 7% used [0x00000000e4b80000,0x00000000e4c39618,0x00000000e5580000)
  to   space 10752K, 0% used [0x00000000e7f00000,0x00000000e7f00000,0x00000000e8980000)
 ParOldGen       total 55296K, used 15924K [0x00000000a0000000, 0x00000000a3600000, 0x00000000e0000000)
  object space 55296K, 28% used [0x00000000a0000000,0x00000000a0f8d008,0x00000000a3600000)
 Metaspace       used 34776K, capacity 35378K, committed 35496K, reserved 1079296K
  class space    used 4897K, capacity 5100K, committed 5120K, reserved 1048576K
Event: 25.366 GC heap after
Heap after GC invocations=13 (full 2):
 PSYoungGen      total 87552K, used 0K [0x00000000e0000000, 0x00000000e8980000, 0x0000000100000000)
  eden space 77312K, 0% used [0x00000000e0000000,0x00000000e0000000,0x00000000e4b80000)
  from space 10240K, 0% used [0x00000000e4b80000,0x00000000e4b80000,0x00000000e5580000)
  to   space 10752K, 0% used [0x00000000e7f00000,0x00000000e7f00000,0x00000000e8980000)
 ParOldGen       total 75264K, used 15610K [0x00000000a0000000, 0x00000000a4980000, 0x00000000e0000000)
  object space 75264K, 20% used [0x00000000a0000000,0x00000000a0f3e828,0x00000000a4980000)
 Metaspace       used 34764K, capacity 35336K, committed 35496K, reserved 1079296K
  class space    used 4893K, capacity 5093K, committed 5120K, reserved 1048576K
}
Event: 27.588 GC heap before
{Heap before GC invocations=14 (full 2):
 PSYoungGen      total 87552K, used 77312K [0x00000000e0000000, 0x00000000e8980000, 0x0000000100000000)
  eden space 77312K, 100% used [0x00000000e0000000,0x00000000e4b80000,0x00000000e4b80000)
  from space 10240K, 0% used [0x00000000e4b80000,0x00000000e4b80000,0x00000000e5580000)
  to   space 10752K, 0% used [0x00000000e7f00000,0x00000000e7f00000,0x00000000e8980000)
 ParOldGen       total 75264K, used 15610K [0x00000000a0000000, 0x00000000a4980000, 0x00000000e0000000)
  object space 75264K, 20% used [0x00000000a0000000,0x00000000a0f3e828,0x00000000a4980000)
 Metaspace       used 43306K, capacity 44032K, committed 44416K, reserved 1087488K
  class space    used 6000K, capacity 6226K, committed 6272K, reserved 1048576K
Event: 27.617 GC heap after
Heap after GC invocations=14 (full 2):
 PSYoungGen      total 121856K, used 10433K [0x00000000e0000000, 0x00000000e8980000, 0x0000000100000000)
  eden space 111104K, 0% used [0x00000000e0000000,0x00000000e0000000,0x00000000e6c80000)
  from space 10752K, 97% used [0x00000000e7f00000,0x00000000e8930418,0x00000000e8980000)
  to   space 11776K, 0% used [0x00000000e7280000,0x00000000e7280000,0x00000000e7e00000)
 ParOldGen       total 75264K, used 15618K [0x00000000a0000000, 0x00000000a4980000, 0x00000000e0000000)
  object space 75264K, 20% used [0x00000000a0000000,0x00000000a0f40828,0x00000000a4980000)
 Metaspace       used 43306K, capacity 44032K, committed 44416K, reserved 1087488K
  class space    used 6000K, capacity 6226K, committed 6272K, reserved 1048576K
}
Event: 32.173 GC heap before
{Heap before GC invocations=15 (full 2):
 PSYoungGen      total 121856K, used 121537K [0x00000000e0000000, 0x00000000e8980000, 0x0000000100000000)
  eden space 111104K, 100% used [0x00000000e0000000,0x00000000e6c80000,0x00000000e6c80000)
  from space 10752K, 97% used [0x00000000e7f00000,0x00000000e8930418,0x00000000e8980000)
  to   space 11776K, 0% used [0x00000000e7280000,0x00000000e7280000,0x00000000e7e00000)
 ParOldGen       total 75264K, used 15618K [0x00000000a0000000, 0x00000000a4980000, 0x00000000e0000000)
  object space 75264K, 20% used [0x00000000a0000000,0x00000000a0f40828,0x00000000a4980000)
 Metaspace       used 52050K, capacity 53254K, committed 53376K, reserved 1095680K
  class space    used 7215K, capacity 7535K, committed 7552K, reserved 1048576K
Event: 32.313 GC heap after
Heap after GC invocations=15 (full 2):
 PSYoungGen      total 129024K, used 11752K [0x00000000e0000000, 0x00000000ebb00000, 0x0000000100000000)
  eden space 117248K, 0% used [0x00000000e0000000,0x00000000e0000000,0x00000000e7280000)
  from space 11776K, 99% used [0x00000000e7280000,0x00000000e7dfa150,0x00000000e7e00000)
  to   space 15872K, 0% used [0x00000000eab80000,0x00000000eab80000,0x00000000ebb00000)
 ParOldGen       total 75264K, used 22270K [0x00000000a0000000, 0x00000000a4980000, 0x00000000e0000000)
  object space 75264K, 29% used [0x00000000a0000000,0x00000000a15bf910,0x00000000a4980000)
 Metaspace       used 52050K, capacity 53254K, committed 53376K, reserved 1095680K
  class space    used 7215K, capacity 7535K, committed 7552K, reserved 1048576K
}
Event: 44.280 GC heap before
{Heap before GC invocations=16 (full 2):
 PSYoungGen      total 129024K, used 84121K [0x00000000e0000000, 0x00000000ebb00000, 0x0000000100000000)
  eden space 117248K, 61% used [0x00000000e0000000,0x00000000e46ac538,0x00000000e7280000)
  from space 11776K, 99% used [0x00000000e7280000,0x00000000e7dfa150,0x00000000e7e00000)
  to   space 15872K, 0% used [0x00000000eab80000,0x00000000eab80000,0x00000000ebb00000)
 ParOldGen       total 75264K, used 22270K [0x00000000a0000000, 0x00000000a4980000, 0x00000000e0000000)
  object space 75264K, 29% used [0x00000000a0000000,0x00000000a15bf910,0x00000000a4980000)
 Metaspace       used 57557K, capacity 59110K, committed 59160K, reserved 1099776K
  class space    used 8011K, capacity 8401K, committed 8448K, reserved 1048576K
Event: 44.313 GC heap after
Heap after GC invocations=16 (full 2):
 PSYoungGen      total 176128K, used 6818K [0x00000000e0000000, 0x00000000ebe80000, 0x0000000100000000)
  eden space 160256K, 0% used [0x00000000e0000000,0x00000000e0000000,0x00000000e9c80000)
  from space 15872K, 42% used [0x00000000eab80000,0x00000000eb228920,0x00000000ebb00000)
  to   space 15360K, 0% used [0x00000000e9c80000,0x00000000e9c80000,0x00000000eab80000)
 ParOldGen       total 75264K, used 28140K [0x00000000a0000000, 0x00000000a4980000, 0x00000000e0000000)
  object space 75264K, 37% used [0x00000000a0000000,0x00000000a1b7b190,0x00000000a4980000)
 Metaspace       used 57557K, capacity 59110K, committed 59160K, reserved 1099776K
  class space    used 8011K, capacity 8401K, committed 8448K, reserved 1048576K
}
Event: 44.313 GC heap before
{Heap before GC invocations=17 (full 3):
 PSYoungGen      total 176128K, used 6818K [0x00000000e0000000, 0x00000000ebe80000, 0x0000000100000000)
  eden space 160256K, 0% used [0x00000000e0000000,0x00000000e0000000,0x00000000e9c80000)
  from space 15872K, 42% used [0x00000000eab80000,0x00000000eb228920,0x00000000ebb00000)
  to   space 15360K, 0% used [0x00000000e9c80000,0x00000000e9c80000,0x00000000eab80000)
 ParOldGen       total 75264K, used 28140K [0x00000000a0000000, 0x00000000a4980000, 0x00000000e0000000)
  object space 75264K, 37% used [0x00000000a0000000,0x00000000a1b7b190,0x00000000a4980000)
 Metaspace       used 57557K, capacity 59110K, committed 59160K, reserved 1099776K
  class space    used 8011K, capacity 8401K, committed 8448K, reserved 1048576K
Event: 46.074 GC heap after
Heap after GC invocations=17 (full 3):
 PSYoungGen      total 176128K, used 0K [0x00000000e0000000, 0x00000000ebe80000, 0x0000000100000000)
  eden space 160256K, 0% used [0x00000000e0000000,0x00000000e0000000,0x00000000e9c80000)
  from space 15872K, 0% used [0x00000000eab80000,0x00000000eab80000,0x00000000ebb00000)
  to   space 15360K, 0% used [0x00000000e9c80000,0x00000000e9c80000,0x00000000eab80000)
 ParOldGen       total 113664K, used 32119K [0x00000000a0000000, 0x00000000a6f00000, 0x00000000e0000000)
  object space 113664K, 28% used [0x00000000a0000000,0x00000000a1f5df40,0x00000000a6f00000)
 Metaspace       used 57519K, capacity 59000K, committed 59160K, reserved 1099776K
  class space    used 8000K, capacity 8382K, committed 8448K, reserved 1048576K
}

