# JRE version: Java(TM) SE Runtime Environment (8.0_231-b11) (build 1.8.0_231-b11)
# Java VM: Java HotSpot(TM) 64-Bit Server VM (25.231-b11 mixed mode windows-amd64 compressed oops)
Heap:
 PSYoungGen      total 264192K, used 120846K [0x00000000e0000000, 0x00000000f1800000, 0x0000000100000000)
  eden space 245760K, 45% used [0x00000000e0000000,0x00000000e6e48b40,0x00000000ef000000)
  from space 18432K, 42% used [0x00000000f0600000,0x00000000f0dbade0,0x00000000f1800000)
  to   space 20480K, 0% used [0x00000000ef000000,0x00000000ef000000,0x00000000f0400000)
 ParOldGen       total 115200K, used 37016K [0x00000000a0000000, 0x00000000a7080000, 0x00000000e0000000)
  object space 115200K, 32% used [0x00000000a0000000,0x00000000a2426178,0x00000000a7080000)
 Metaspace       used 72945K, capacity 76311K, committed 76544K, reserved 1116160K
  class space    used 9718K, capacity 10403K, committed 10496K, reserved 1048576K
GC Heap History (10 events):
Event: 16.987 GC heap before
{Heap before GC invocations=13 (full 2):
 PSYoungGen      total 156672K, used 156647K [0x00000000e0000000, 0x00000000eb180000, 0x0000000100000000)
  eden space 144896K, 100% used [0x00000000e0000000,0x00000000e8d80000,0x00000000e8d80000)
  from space 11776K, 99% used [0x00000000ea600000,0x00000000eb179cd8,0x00000000eb180000)
  to   space 14336K, 0% used [0x00000000e9580000,0x00000000e9580000,0x00000000ea380000)
 ParOldGen       total 84992K, used 20443K [0x00000000a0000000, 0x00000000a5300000, 0x00000000e0000000)
  object space 84992K, 24% used [0x00000000a0000000,0x00000000a13f6c18,0x00000000a5300000)
 Metaspace       used 57098K, capacity 58572K, committed 58752K, reserved 1099776K
  class space    used 7943K, capacity 8310K, committed 8320K, reserved 1048576K
Event: 17.022 GC heap after
Heap after GC invocations=13 (full 2):
 PSYoungGen      total 167424K, used 14327K [0x00000000e0000000, 0x00000000eda80000, 0x0000000100000000)
  eden space 153088K, 0% used [0x00000000e0000000,0x00000000e0000000,0x00000000e9580000)
  from space 14336K, 99% used [0x00000000e9580000,0x00000000ea37de58,0x00000000ea380000)
  to   space 18944K, 0% used [0x00000000ec800000,0x00000000ec800000,0x00000000eda80000)
 ParOldGen       total 84992K, used 28675K [0x00000000a0000000, 0x00000000a5300000, 0x00000000e0000000)
  object space 84992K, 33% used [0x00000000a0000000,0x00000000a1c00c90,0x00000000a5300000)
 Metaspace       used 57098K, capacity 58572K, committed 58752K, reserved 1099776K
  class space    used 7943K, capacity 8310K, committed 8320K, reserved 1048576K
}
Event: 17.107 GC heap before
{Heap before GC invocations=14 (full 2):
 PSYoungGen      total 167424K, used 21633K [0x00000000e0000000, 0x00000000eda80000, 0x0000000100000000)
  eden space 153088K, 4% used [0x00000000e0000000,0x00000000e0722760,0x00000000e9580000)
  from space 14336K, 99% used [0x00000000e9580000,0x00000000ea37de58,0x00000000ea380000)
  to   space 18944K, 0% used [0x00000000ec800000,0x00000000ec800000,0x00000000eda80000)
 ParOldGen       total 84992K, used 28675K [0x00000000a0000000, 0x00000000a5300000, 0x00000000e0000000)
  object space 84992K, 33% used [0x00000000a0000000,0x00000000a1c00c90,0x00000000a5300000)
 Metaspace       used 57408K, capacity 59081K, committed 59160K, reserved 1099776K
  class space    used 8005K, capacity 8369K, committed 8448K, reserved 1048576K
Event: 17.123 GC heap after
Heap after GC invocations=14 (full 2):
 PSYoungGen      total 204288K, used 480K [0x00000000e0000000, 0x00000000eff00000, 0x0000000100000000)
  eden space 185344K, 0% used [0x00000000e0000000,0x00000000e0000000,0x00000000eb500000)
  from space 18944K, 2% used [0x00000000ec800000,0x00000000ec878000,0x00000000eda80000)
  to   space 19456K, 0% used [0x00000000eb500000,0x00000000eb500000,0x00000000ec800000)
 ParOldGen       total 84992K, used 35077K [0x00000000a0000000, 0x00000000a5300000, 0x00000000e0000000)
  object space 84992K, 41% used [0x00000000a0000000,0x00000000a2241628,0x00000000a5300000)
 Metaspace       used 57408K, capacity 59081K, committed 59160K, reserved 1099776K
  class space    used 8005K, capacity 8369K, committed 8448K, reserved 1048576K
}
Event: 17.123 GC heap before
{Heap before GC invocations=15 (full 3):
 PSYoungGen      total 204288K, used 480K [0x00000000e0000000, 0x00000000eff00000, 0x0000000100000000)
  eden space 185344K, 0% used [0x00000000e0000000,0x00000000e0000000,0x00000000eb500000)
  from space 18944K, 2% used [0x00000000ec800000,0x00000000ec878000,0x00000000eda80000)
  to   space 19456K, 0% used [0x00000000eb500000,0x00000000eb500000,0x00000000ec800000)
 ParOldGen       total 84992K, used 35077K [0x00000000a0000000, 0x00000000a5300000, 0x00000000e0000000)
  object space 84992K, 41% used [0x00000000a0000000,0x00000000a2241628,0x00000000a5300000)
 Metaspace       used 57408K, capacity 59081K, committed 59160K, reserved 1099776K
  class space    used 8005K, capacity 8369K, committed 8448K, reserved 1048576K
Event: 17.488 GC heap after
Heap after GC invocations=15 (full 3):
 PSYoungGen      total 204288K, used 0K [0x00000000e0000000, 0x00000000eff00000, 0x0000000100000000)
  eden space 185344K, 0% used [0x00000000e0000000,0x00000000e0000000,0x00000000eb500000)
  from space 18944K, 0% used [0x00000000ec800000,0x00000000ec800000,0x00000000eda80000)
  to   space 19456K, 0% used [0x00000000eb500000,0x00000000eb500000,0x00000000ec800000)
 ParOldGen       total 115200K, used 28847K [0x00000000a0000000, 0x00000000a7080000, 0x00000000e0000000)
  object space 115200K, 25% used [0x00000000a0000000,0x00000000a1c2bd10,0x00000000a7080000)
 Metaspace       used 57368K, capacity 58959K, committed 59160K, reserved 1099776K
  class space    used 7993K, capacity 8348K, committed 8448K, reserved 1048576K
}
Event: 94.189 GC heap before
{Heap before GC invocations=16 (full 3):
 PSYoungGen      total 204288K, used 185344K [0x00000000e0000000, 0x00000000eff00000, 0x0000000100000000)
  eden space 185344K, 100% used [0x00000000e0000000,0x00000000eb500000,0x00000000eb500000)
  from space 18944K, 0% used [0x00000000ec800000,0x00000000ec800000,0x00000000eda80000)
  to   space 19456K, 0% used [0x00000000eb500000,0x00000000eb500000,0x00000000ec800000)
 ParOldGen       total 115200K, used 28847K [0x00000000a0000000, 0x00000000a7080000, 0x00000000e0000000)
  object space 115200K, 25% used [0x00000000a0000000,0x00000000a1c2bd10,0x00000000a7080000)
 Metaspace       used 67295K, capacity 69685K, committed 69760K, reserved 1110016K
  class space    used 9090K, capacity 9559K, committed 9600K, reserved 1048576K
Event: 94.286 GC heap after
Heap after GC invocations=16 (full 3):
 PSYoungGen      total 204800K, used 17010K [0x00000000e0000000, 0x00000000f1b00000, 0x0000000100000000)
  eden space 185344K, 0% used [0x00000000e0000000,0x00000000e0000000,0x00000000eb500000)
  from space 19456K, 87% used [0x00000000eb500000,0x00000000ec59ca18,0x00000000ec800000)
  to   space 21504K, 0% used [0x00000000f0600000,0x00000000f0600000,0x00000000f1b00000)
 ParOldGen       total 115200K, used 28847K [0x00000000a0000000, 0x00000000a7080000, 0x00000000e0000000)
  object space 115200K, 25% used [0x00000000a0000000,0x00000000a1c2bd10,0x00000000a7080000)
 Metaspace       used 67295K, capacity 69685K, committed 69760K, reserved 1110016K
  class space    used 9090K, capacity 9559K, committed 9600K, reserved 1048576K
}
Event: 460.166 GC heap before
{Heap before GC invocations=17 (full 3):
 PSYoungGen      total 204800K, used 202354K [0x00000000e0000000, 0x00000000f1b00000, 0x0000000100000000)
  eden space 185344K, 100% used [0x00000000e0000000,0x00000000eb500000,0x00000000eb500000)
  from space 19456K, 87% used [0x00000000eb500000,0x00000000ec59ca18,0x00000000ec800000)
  to   space 21504K, 0% used [0x00000000f0600000,0x00000000f0600000,0x00000000f1b00000)
 ParOldGen       total 115200K, used 28847K [0x00000000a0000000, 0x00000000a7080000, 0x00000000e0000000)
  object space 115200K, 25% used [0x00000000a0000000,0x00000000a1c2bd10,0x00000000a7080000)
 Metaspace       used 72048K, capacity 75239K, committed 75392K, reserved 1114112K
  class space    used 9632K, capacity 10255K, committed 10368K, reserved 1048576K
Event: 471.776 GC heap after
Heap after GC invocations=17 (full 3):
 PSYoungGen      total 264192K, used 7915K [0x00000000e0000000, 0x00000000f1800000, 0x0000000100000000)
  eden space 245760K, 0% used [0x00000000e0000000,0x00000000e0000000,0x00000000ef000000)
  from space 18432K, 42% used [0x00000000f0600000,0x00000000f0dbade0,0x00000000f1800000)
  to   space 20480K, 0% used [0x00000000ef000000,0x00000000ef000000,0x00000000f0400000)
 ParOldGen       total 115200K, used 37016K [0x00000000a0000000, 0x00000000a7080000, 0x00000000e0000000)
  object space 115200K, 32% used [0x00000000a0000000,0x00000000a2426178,0x00000000a7080000)
 Metaspace       used 72048K, capacity 75239K, committed 75392K, reserved 1114112K
  class space    used 9632K, capacity 10255K, committed 10368K, reserved 1048576K
}

